#
# There is insufficient memory for the Java Runtime Environment to continue.
# Native memory allocation (malloc) failed to allocate 32744 bytes for ChunkPool::allocate
# Possible reasons:
#   The system is out of physical RAM or swap space
#   The process is running with CompressedOops enabled, and the Java Heap may be blocking the growth of the native heap
# Possible solutions:
#   Reduce memory load on the system
#   Increase physical memory or swap space
#   Check if swap backing store is full
#   Decrease Java heap size (-Xmx/-Xms)
#   Decrease number of Java threads
#   Decrease Java thread stack sizes (-Xss)
#   Set larger code cache with -XX:ReservedCodeCacheSize=
#   JVM is running with Unscaled Compressed Oops mode in which the Java heap is
#     placed in the first 4GB address space. The Java Heap base address is the
#     maximum limit for the native heap growth. Please use -XX:HeapBaseMinAddress
#     to set the Java Heap base and to place the Java Heap above 4GB virtual address.
# This output file may be truncated or incomplete.
#
#  Out of Memory Error (arena.cpp:78), pid=17196, tid=15784
#
# JRE version: OpenJDK Runtime Environment Temurin-17.0.7+7 (17.0.7+7) (build 17.0.7+7)
# Java VM: OpenJDK 64-Bit Server VM Temurin-17.0.7+7 (17.0.7+7, mixed mode, tiered, compressed oops, compressed class ptrs, parallel gc, windows-amd64)
# No core dump will be written. Minidumps are not enabled by default on client versions of Windows
#

---------------  S U M M A R Y ------------

Command Line: --add-modules=ALL-SYSTEM --add-opens=java.base/java.util=ALL-UNNAMED --add-opens=java.base/java.lang=ALL-UNNAMED --add-opens=java.base/sun.nio.fs=ALL-UNNAMED -Declipse.application=org.eclipse.jdt.ls.core.id1 -Dosgi.bundles.defaultStartLevel=4 -Declipse.product=org.eclipse.jdt.ls.core.product -Djava.import.generatesMetadataFilesAtProjectRoot=false -Dfile.encoding=utf8 -XX:+UseParallelGC -XX:GCTimeRatio=4 -XX:AdaptiveSizePolicyWeight=90 -Dsun.zip.disableMemoryMapping=true -Xmx1G -Xms100m -Xlog:disable -javaagent:c:\Users\daboussi\.vscode\extensions\redhat.java-1.18.0-win32-x64\lombok\lombok-1.18.27.jar -XX:+HeapDumpOnOutOfMemoryError -XX:HeapDumpPath=c:\Users\daboussi\AppData\Roaming\Code\User\workspaceStorage\63e7b8365c2273432d6fb38a8ecd03d6\redhat.java -Daether.dependencyCollector.impl=bf c:\Users\daboussi\.vscode\extensions\redhat.java-1.18.0-win32-x64\server\plugins\org.eclipse.equinox.launcher_1.6.400.v20210924-0641.jar -configuration c:\Users\daboussi\AppData\Roaming\Code\User\globalStorage\redhat.java\1.18.0\config_win -data c:\Users\daboussi\AppData\Roaming\Code\User\workspaceStorage\63e7b8365c2273432d6fb38a8ecd03d6\redhat.java\jdt_ws

Host: Intel(R) Core(TM) i7-6700 CPU @ 3.40GHz, 8 cores, 7G,  Windows 10 , 64 bit Build 19041 (10.0.19041.2788)
Time: Wed May 10 23:19:24 2023 Europe de l , 64 bit Build 19041 (10.0.19041.2788) elapsed time: 496.107368 seconds (0d 0h 8m 16s)

---------------  T H R E A D  ---------------

Current thread (0x000001d0c1f74f90):  JavaThread "C2 CompilerThread1" daemon [_thread_in_native, id=15784, stack(0x0000009b05000000,0x0000009b05100000)]


Current CompileTask:
C2: 496107 9257 %     4       java.util.Properties::saveConvert @ 43 (383 bytes)

Stack: [0x0000009b05000000,0x0000009b05100000]
Native frames: (J=compiled Java code, j=interpreted, Vv=VM code, C=native code)
V  [jvm.dll+0x67754a]
V  [jvm.dll+0x834304]
V  [jvm.dll+0x835aae]
V  [jvm.dll+0x836113]
V  [jvm.dll+0x24696f]
V  [jvm.dll+0xac2cc]
V  [jvm.dll+0xac67c]
V  [jvm.dll+0x11e7b8]
V  [jvm.dll+0x6a0c59]
V  [jvm.dll+0x1bceb4]
V  [jvm.dll+0x219799]
V  [jvm.dll+0x218a61]
V  [jvm.dll+0x1a4d8d]
V  [jvm.dll+0x2284da]
V  [jvm.dll+0x226615]
V  [jvm.dll+0x7ea90b]
V  [jvm.dll+0x7e4e7a]
V  [jvm.dll+0x676395]
C  [ucrtbase.dll+0x21bb2]
C  [KERNEL32.DLL+0x17604]
C  [ntdll.dll+0x526a1]


---------------  P R O C E S S  ---------------

Threads class SMR info:
_java_thread_list=0x000001d0c6945a60, length=31, elements={
0x000001d0a6ffbee0, 0x000001d0a70acf50, 0x000001d0a70ae500, 0x000001d0c013b810,
0x000001d0c013e2d0, 0x000001d0c013ec80, 0x000001d0c015f5b0, 0x000001d0c015ff50,
0x000001d0c018cd60, 0x000001d0c018ff10, 0x000001d0c02443c0, 0x000001d0c042e050,
0x000001d0c184e550, 0x000001d0c1a69ac0, 0x000001d0c1a69f90, 0x000001d0c1c53190,
0x000001d0c1b264e0, 0x000001d0c23fb7f0, 0x000001d0c23fd9a0, 0x000001d0c23fbcc0,
0x000001d0c23fae50, 0x000001d0c23fc190, 0x000001d0c2be2470, 0x000001d0c2be1600,
0x000001d0c2bdc430, 0x000001d0c1f74f90, 0x000001d0c2bdcdd0, 0x000001d0c2bdd2a0,
0x000001d0c2bdeab0, 0x000001d0c2bdef80, 0x000001d0c2be1fa0
}

Java Threads: ( => current thread )
  0x000001d0a6ffbee0 JavaThread "main" [_thread_blocked, id=14848, stack(0x0000009b04f00000,0x0000009b05000000)]
  0x000001d0a70acf50 JavaThread "Reference Handler" daemon [_thread_blocked, id=17960, stack(0x0000009b05300000,0x0000009b05400000)]
  0x000001d0a70ae500 JavaThread "Finalizer" daemon [_thread_blocked, id=6544, stack(0x0000009b05400000,0x0000009b05500000)]
  0x000001d0c013b810 JavaThread "Signal Dispatcher" daemon [_thread_blocked, id=12460, stack(0x0000009b05500000,0x0000009b05600000)]
  0x000001d0c013e2d0 JavaThread "Attach Listener" daemon [_thread_blocked, id=11312, stack(0x0000009b05600000,0x0000009b05700000)]
  0x000001d0c013ec80 JavaThread "Service Thread" daemon [_thread_blocked, id=15576, stack(0x0000009b05700000,0x0000009b05800000)]
  0x000001d0c015f5b0 JavaThread "Monitor Deflation Thread" daemon [_thread_blocked, id=2300, stack(0x0000009b05800000,0x0000009b05900000)]
  0x000001d0c015ff50 JavaThread "C2 CompilerThread0" daemon [_thread_blocked, id=8888, stack(0x0000009b05900000,0x0000009b05a00000)]
  0x000001d0c018cd60 JavaThread "C1 CompilerThread0" daemon [_thread_in_vm, id=18744, stack(0x0000009b05a00000,0x0000009b05b00000)]
  0x000001d0c018ff10 JavaThread "Sweeper thread" daemon [_thread_blocked, id=25256, stack(0x0000009b05b00000,0x0000009b05c00000)]
  0x000001d0c02443c0 JavaThread "Common-Cleaner" daemon [_thread_blocked, id=19412, stack(0x0000009b05c00000,0x0000009b05d00000)]
  0x000001d0c042e050 JavaThread "Notification Thread" daemon [_thread_blocked, id=15172, stack(0x0000009b05d00000,0x0000009b05e00000)]
  0x000001d0c184e550 JavaThread "Active Thread: Equinox Container: 174b4c15-01a2-4703-985a-f022bd01b93a" [_thread_blocked, id=14396, stack(0x0000009b06700000,0x0000009b06800000)]
  0x000001d0c1a69ac0 JavaThread "Framework Event Dispatcher: Equinox Container: 174b4c15-01a2-4703-985a-f022bd01b93a" daemon [_thread_blocked, id=27556, stack(0x0000009b06800000,0x0000009b06900000)]
  0x000001d0c1a69f90 JavaThread "Start Level: Equinox Container: 174b4c15-01a2-4703-985a-f022bd01b93a" daemon [_thread_blocked, id=5644, stack(0x0000009b06900000,0x0000009b06a00000)]
  0x000001d0c1c53190 JavaThread "SCR Component Actor" daemon [_thread_blocked, id=11776, stack(0x0000009b06a00000,0x0000009b06b00000)]
  0x000001d0c1b264e0 JavaThread "Worker-JM" [_thread_blocked, id=21196, stack(0x0000009b06600000,0x0000009b06700000)]
  0x000001d0c23fb7f0 JavaThread "Java indexing" daemon [_thread_blocked, id=22836, stack(0x0000009b06f00000,0x0000009b07000000)]
  0x000001d0c23fd9a0 JavaThread "JNA Cleaner" daemon [_thread_blocked, id=7848, stack(0x0000009b07000000,0x0000009b07100000)]
  0x000001d0c23fbcc0 JavaThread "Worker-3: Shutdown..." [_thread_blocked, id=27164, stack(0x0000009b07400000,0x0000009b07500000)]
  0x000001d0c23fae50 JavaThread "pool-2-thread-1" [_thread_blocked, id=15108, stack(0x0000009b07600000,0x0000009b07700000)]
  0x000001d0c23fc190 JavaThread "pool-1-thread-1" [_thread_blocked, id=10564, stack(0x0000009b07700000,0x0000009b07800000)]
  0x000001d0c2be2470 JavaThread "Timer-0" [_thread_blocked, id=9664, stack(0x0000009b07500000,0x0000009b07600000)]
  0x000001d0c2be1600 JavaThread "Worker-4" [_thread_blocked, id=18280, stack(0x0000009b04d00000,0x0000009b04e00000)]
  0x000001d0c2bdc430 JavaThread "pool-4-thread-1" [_thread_blocked, id=15204, stack(0x0000009b04e00000,0x0000009b04f00000)]
=>0x000001d0c1f74f90 JavaThread "C2 CompilerThread1" daemon [_thread_in_native, id=15784, stack(0x0000009b05000000,0x0000009b05100000)]
  0x000001d0c2bdcdd0 JavaThread "ForkJoinPool-2-worker-1" daemon [_thread_in_native, id=12060, stack(0x0000009b05f00000,0x0000009b06000000)]
  0x000001d0c2bdd2a0 JavaThread "ForkJoinPool-2-worker-2" daemon [_thread_blocked, id=17920, stack(0x0000009b06c00000,0x0000009b06d00000)]
  0x000001d0c2bdeab0 JavaThread "ForkJoinPool-2-worker-3" daemon [_thread_blocked, id=27156, stack(0x0000009b06d00000,0x0000009b06e00000)]
  0x000001d0c2bdef80 JavaThread "ForkJoinPool-2-worker-4" daemon [_thread_blocked, id=16324, stack(0x0000009b06e00000,0x0000009b06f00000)]
  0x000001d0c2be1fa0 JavaThread "ForkJoinPool-2-worker-5" daemon [_thread_blocked, id=7664, stack(0x0000009b07300000,0x0000009b07400000)]

Other Threads:
  0x000001d0c0120c20 VMThread "VM Thread" [stack: 0x0000009b05200000,0x0000009b05300000] [id=24400]
  0x000001d0c042e520 WatcherThread [stack: 0x0000009b05e00000,0x0000009b05f00000] [id=1620]
  0x000001d0a700e3e0 GCTaskThread "GC Thread#0" [stack: 0x0000009b05100000,0x0000009b05200000] [id=10724]
  0x000001d0c1773cb0 GCTaskThread "GC Thread#1" [stack: 0x0000009b06000000,0x0000009b06100000] [id=27276]
  0x000001d0c1a94850 GCTaskThread "GC Thread#2" [stack: 0x0000009b06100000,0x0000009b06200000] [id=9244]
  0x000001d0c1a94b00 GCTaskThread "GC Thread#3" [stack: 0x0000009b06200000,0x0000009b06300000] [id=26704]
  0x000001d0c14f64d0 GCTaskThread "GC Thread#4" [stack: 0x0000009b06300000,0x0000009b06400000] [id=21412]
  0x000001d0c14f6780 GCTaskThread "GC Thread#5" [stack: 0x0000009b06400000,0x0000009b06500000] [id=3948]
  0x000001d0c1c268c0 GCTaskThread "GC Thread#6" [stack: 0x0000009b06500000,0x0000009b06600000] [id=23840]
  0x000001d0c1be5b50 GCTaskThread "GC Thread#7" [stack: 0x0000009b06b00000,0x0000009b06c00000] [id=21828]

Threads with active compile tasks:
C2 CompilerThread1   496154 9257 %     4       java.util.Properties::saveConvert @ 43 (383 bytes)

VM state: not at safepoint (normal execution)

VM Mutex/Monitor currently owned by a thread: None

Heap address: 0x00000000c0000000, size: 1024 MB, Compressed Oops mode: 32-bit

CDS archive(s) not mapped
Compressed class space mapped at: 0x0000000100000000-0x0000000140000000, reserved size: 1073741824
Narrow klass base: 0x0000000000000000, Narrow klass shift: 3, Narrow klass range: 0x140000000

GC Precious Log:
 CPUs: 8 total, 8 available
 Memory: 8062M
 Large Page Support: Disabled
 NUMA Support: Disabled
 Compressed Oops: Enabled (32-bit)
 Alignments: Space 512K, Generation 512K, Heap 2M
 Heap Min Capacity: 100M
 Heap Initial Capacity: 100M
 Heap Max Capacity: 1G
 Pre-touch: Disabled
 Parallel Workers: 8

Heap:
 PSYoungGen      total 17920K, used 16193K [0x00000000eab00000, 0x00000000ebd80000, 0x0000000100000000)
  eden space 16896K, 93% used [0x00000000eab00000,0x00000000eba60660,0x00000000ebb80000)
  from space 1024K, 43% used [0x00000000ebb80000,0x00000000ebbf0000,0x00000000ebc80000)
  to   space 512K, 0% used [0x00000000ebd00000,0x00000000ebd00000,0x00000000ebd80000)
 ParOldGen       total 107008K, used 80660K [0x00000000c0000000, 0x00000000c6880000, 0x00000000eab00000)
  object space 107008K, 75% used [0x00000000c0000000,0x00000000c4ec50a0,0x00000000c6880000)
 Metaspace       used 69874K, committed 70976K, reserved 1114112K
  class space    used 7927K, committed 8448K, reserved 1048576K

Card table byte_map: [0x000001d0a6990000,0x000001d0a6ba0000] _byte_map_base: 0x000001d0a6390000

Marking Bits: (ParMarkBitMap*) 0x00007ffac83d52c0
 Begin Bits: [0x000001d0b8c70000, 0x000001d0b9c70000)
 End Bits:   [0x000001d0b9c70000, 0x000001d0bac70000)

Polling page: 0x000001d0a4fd0000

Metaspace:

Usage:
  Non-class:     60.49 MB used.
      Class:      7.74 MB used.
       Both:     68.24 MB used.

Virtual space:
  Non-class space:       64.00 MB reserved,      61.06 MB ( 95%) committed,  1 nodes.
      Class space:        1.00 GB reserved,       8.25 MB ( <1%) committed,  1 nodes.
             Both:        1.06 GB reserved,      69.31 MB (  6%) committed. 

Chunk freelists:
   Non-Class:  2.62 MB
       Class:  7.58 MB
        Both:  10.20 MB

MaxMetaspaceSize: unlimited
CompressedClassSpaceSize: 1.00 GB
Initial GC threshold: 21.00 MB
Current GC threshold: 115.44 MB
CDS: off
MetaspaceReclaimPolicy: balanced
 - commit_granule_bytes: 65536.
 - commit_granule_words: 8192.
 - virtual_space_node_default_size: 8388608.
 - enlarge_chunks_in_place: 1.
 - new_chunks_are_fully_committed: 0.
 - uncommit_free_chunks: 1.
 - use_allocation_guard: 0.
 - handle_deallocations: 1.


Internal statistics:

num_allocs_failed_limit: 9.
num_arena_births: 560.
num_arena_deaths: 14.
num_vsnodes_births: 2.
num_vsnodes_deaths: 0.
num_space_committed: 1108.
num_space_uncommitted: 0.
num_chunks_returned_to_freelist: 23.
num_chunks_taken_from_freelist: 3184.
num_chunk_merges: 13.
num_chunk_splits: 2104.
num_chunks_enlarged: 1401.
num_inconsistent_stats: 0.

CodeHeap 'non-profiled nmethods': size=120000Kb used=6657Kb max_used=6657Kb free=113342Kb
 bounds [0x000001d0b1740000, 0x000001d0b1dd0000, 0x000001d0b8c70000]
CodeHeap 'profiled nmethods': size=120000Kb used=16137Kb max_used=16137Kb free=103863Kb
 bounds [0x000001d0a9c70000, 0x000001d0aac40000, 0x000001d0b11a0000]
CodeHeap 'non-nmethods': size=5760Kb used=1354Kb max_used=1444Kb free=4405Kb
 bounds [0x000001d0b11a0000, 0x000001d0b1410000, 0x000001d0b1740000]
 total_blobs=8537 nmethods=7836 adapters=615
 compilation: enabled
              stopped_count=0, restarted_count=0
 full_count=0

Compilation events (20 events):
Event: 496.045 Thread 0x000001d0c018cd60 nmethod 9280 0x000001d0aabf2490 code [0x000001d0aabf2660, 0x000001d0aabf29a8]
Event: 496.045 Thread 0x000001d0c018cd60 9281       3       org.eclipse.jdt.internal.core.builder.CompressedWriter::writeCharsUsingLast (43 bytes)
Event: 496.046 Thread 0x000001d0c018cd60 nmethod 9281 0x000001d0aabf2b10 code [0x000001d0aabf2d00, 0x000001d0aabf3158]
Event: 496.046 Thread 0x000001d0c018cd60 9282       3       java.io.DataOutputStream::writeShort (40 bytes)
Event: 496.046 Thread 0x000001d0c018cd60 nmethod 9282 0x000001d0aabf3390 code [0x000001d0aabf3540, 0x000001d0aabf3828]
Event: 496.047 Thread 0x000001d0c015ff50 9283       4       org.eclipse.jdt.internal.core.builder.CompressedWriter::commonLength (38 bytes)
Event: 496.047 Thread 0x000001d0c018cd60 9284       3       org.eclipse.jdt.internal.compiler.util.SimpleLookupTable::get (59 bytes)
Event: 496.047 Thread 0x000001d0c018cd60 nmethod 9284 0x000001d0aabf3990 code [0x000001d0aabf3b60, 0x000001d0aabf4018]
Event: 496.050 Thread 0x000001d0c015ff50 nmethod 9283 0x000001d0b1dbab10 code [0x000001d0b1dbac80, 0x000001d0b1dbae58]
Event: 496.050 Thread 0x000001d0c015ff50 9285  s    4       java.io.BufferedOutputStream::write (35 bytes)
Event: 496.051 Thread 0x000001d0c015ff50 nmethod 9285 0x000001d0b1dbaf90 code [0x000001d0b1dbb100, 0x000001d0b1dbb338]
Event: 496.052 Thread 0x000001d0c015ff50 9286       4       org.eclipse.jdt.internal.compiler.util.SimpleLookupTable::containsKey (54 bytes)
Event: 496.053 Thread 0x000001d0c018cd60 9287       3       org.eclipse.jdt.internal.compiler.util.SimpleLookupTable::put (104 bytes)
Event: 496.053 Thread 0x000001d0c018cd60 nmethod 9287 0x000001d0aabf4290 code [0x000001d0aabf44a0, 0x000001d0aabf4d88]
Event: 496.060 Thread 0x000001d0c015ff50 nmethod 9286 0x000001d0b1dbb490 code [0x000001d0b1dbb640, 0x000001d0b1dbbc68]
Event: 496.060 Thread 0x000001d0c015ff50 9288       4       org.eclipse.jdt.internal.compiler.util.SimpleLookupTable::put (104 bytes)
Event: 496.065 Thread 0x000001d0c015ff50 nmethod 9288 0x000001d0b1dbc010 code [0x000001d0b1dbc1c0, 0x000001d0b1dbc548]
Event: 496.065 Thread 0x000001d0c015ff50 9289       4       org.eclipse.jdt.internal.compiler.util.SimpleLookupTable::containsKey (54 bytes)
Event: 496.069 Thread 0x000001d0c015ff50 nmethod 9289 0x000001d0b1dbc890 code [0x000001d0b1dbca20, 0x000001d0b1dbcc78]
Event: 496.097 Thread 0x000001d0c018cd60 9290 %     3       org.eclipse.jdt.internal.core.builder.State::write @ 652 (1454 bytes)

GC Heap History (20 events):
Event: 454.878 GC heap before
{Heap before GC invocations=133 (full 9):
 PSYoungGen      total 1536K, used 1120K [0x00000000eab00000, 0x00000000ebe80000, 0x0000000100000000)
  eden space 512K, 100% used [0x00000000eab00000,0x00000000eab80000,0x00000000eab80000)
  from space 1024K, 59% used [0x00000000ebd00000,0x00000000ebd98000,0x00000000ebe00000)
  to   space 512K, 0% used [0x00000000ebe00000,0x00000000ebe00000,0x00000000ebe80000)
 ParOldGen       total 107008K, used 75530K [0x00000000c0000000, 0x00000000c6880000, 0x00000000eab00000)
  object space 107008K, 70% used [0x00000000c0000000,0x00000000c49c28a0,0x00000000c6880000)
 Metaspace       used 69722K, committed 70912K, reserved 1114112K
  class space    used 7909K, committed 8448K, reserved 1048576K
}
Event: 454.881 GC heap after
{Heap after GC invocations=133 (full 9):
 PSYoungGen      total 1024K, used 512K [0x00000000eab00000, 0x00000000ebe80000, 0x0000000100000000)
  eden space 512K, 0% used [0x00000000eab00000,0x00000000eab00000,0x00000000eab80000)
  from space 512K, 100% used [0x00000000ebe00000,0x00000000ebe80000,0x00000000ebe80000)
  to   space 1536K, 0% used [0x00000000ebb80000,0x00000000ebb80000,0x00000000ebd00000)
 ParOldGen       total 107008K, used 76066K [0x00000000c0000000, 0x00000000c6880000, 0x00000000eab00000)
  object space 107008K, 71% used [0x00000000c0000000,0x00000000c4a488a0,0x00000000c6880000)
 Metaspace       used 69722K, committed 70912K, reserved 1114112K
  class space    used 7909K, committed 8448K, reserved 1048576K
}
Event: 454.887 GC heap before
{Heap before GC invocations=134 (full 9):
 PSYoungGen      total 1024K, used 1024K [0x00000000eab00000, 0x00000000ebe80000, 0x0000000100000000)
  eden space 512K, 100% used [0x00000000eab00000,0x00000000eab80000,0x00000000eab80000)
  from space 512K, 100% used [0x00000000ebe00000,0x00000000ebe80000,0x00000000ebe80000)
  to   space 1536K, 0% used [0x00000000ebb80000,0x00000000ebb80000,0x00000000ebd00000)
 ParOldGen       total 107008K, used 76066K [0x00000000c0000000, 0x00000000c6880000, 0x00000000eab00000)
  object space 107008K, 71% used [0x00000000c0000000,0x00000000c4a488a0,0x00000000c6880000)
 Metaspace       used 69722K, committed 70912K, reserved 1114112K
  class space    used 7909K, committed 8448K, reserved 1048576K
}
Event: 454.889 GC heap after
{Heap after GC invocations=134 (full 9):
 PSYoungGen      total 2048K, used 640K [0x00000000eab00000, 0x00000000ebe80000, 0x0000000100000000)
  eden space 512K, 0% used [0x00000000eab00000,0x00000000eab00000,0x00000000eab80000)
  from space 1536K, 41% used [0x00000000ebb80000,0x00000000ebc20000,0x00000000ebd00000)
  to   space 1024K, 0% used [0x00000000ebd80000,0x00000000ebd80000,0x00000000ebe80000)
 ParOldGen       total 107008K, used 76562K [0x00000000c0000000, 0x00000000c6880000, 0x00000000eab00000)
  object space 107008K, 71% used [0x00000000c0000000,0x00000000c4ac48a0,0x00000000c6880000)
 Metaspace       used 69722K, committed 70912K, reserved 1114112K
  class space    used 7909K, committed 8448K, reserved 1048576K
}
Event: 454.891 GC heap before
{Heap before GC invocations=135 (full 9):
 PSYoungGen      total 2048K, used 1152K [0x00000000eab00000, 0x00000000ebe80000, 0x0000000100000000)
  eden space 512K, 100% used [0x00000000eab00000,0x00000000eab80000,0x00000000eab80000)
  from space 1536K, 41% used [0x00000000ebb80000,0x00000000ebc20000,0x00000000ebd00000)
  to   space 1024K, 0% used [0x00000000ebd80000,0x00000000ebd80000,0x00000000ebe80000)
 ParOldGen       total 107008K, used 76562K [0x00000000c0000000, 0x00000000c6880000, 0x00000000eab00000)
  object space 107008K, 71% used [0x00000000c0000000,0x00000000c4ac48a0,0x00000000c6880000)
 Metaspace       used 69722K, committed 70912K, reserved 1114112K
  class space    used 7909K, committed 8448K, reserved 1048576K
}
Event: 454.892 GC heap after
{Heap after GC invocations=135 (full 9):
 PSYoungGen      total 1536K, used 544K [0x00000000eab00000, 0x00000000ebe80000, 0x0000000100000000)
  eden space 512K, 0% used [0x00000000eab00000,0x00000000eab00000,0x00000000eab80000)
  from space 1024K, 53% used [0x00000000ebd80000,0x00000000ebe08000,0x00000000ebe80000)
  to   space 1024K, 0% used [0x00000000ebc80000,0x00000000ebc80000,0x00000000ebd80000)
 ParOldGen       total 107008K, used 77074K [0x00000000c0000000, 0x00000000c6880000, 0x00000000eab00000)
  object space 107008K, 72% used [0x00000000c0000000,0x00000000c4b448a0,0x00000000c6880000)
 Metaspace       used 69722K, committed 70912K, reserved 1114112K
  class space    used 7909K, committed 8448K, reserved 1048576K
}
Event: 454.895 GC heap before
{Heap before GC invocations=136 (full 9):
 PSYoungGen      total 1536K, used 1056K [0x00000000eab00000, 0x00000000ebe80000, 0x0000000100000000)
  eden space 512K, 100% used [0x00000000eab00000,0x00000000eab80000,0x00000000eab80000)
  from space 1024K, 53% used [0x00000000ebd80000,0x00000000ebe08000,0x00000000ebe80000)
  to   space 1024K, 0% used [0x00000000ebc80000,0x00000000ebc80000,0x00000000ebd80000)
 ParOldGen       total 107008K, used 77074K [0x00000000c0000000, 0x00000000c6880000, 0x00000000eab00000)
  object space 107008K, 72% used [0x00000000c0000000,0x00000000c4b448a0,0x00000000c6880000)
 Metaspace       used 69722K, committed 70912K, reserved 1114112K
  class space    used 7909K, committed 8448K, reserved 1048576K
}
Event: 454.897 GC heap after
{Heap after GC invocations=136 (full 9):
 PSYoungGen      total 1536K, used 544K [0x00000000eab00000, 0x00000000ebe00000, 0x0000000100000000)
  eden space 512K, 0% used [0x00000000eab00000,0x00000000eab00000,0x00000000eab80000)
  from space 1024K, 53% used [0x00000000ebc80000,0x00000000ebd08000,0x00000000ebd80000)
  to   space 512K, 0% used [0x00000000ebd80000,0x00000000ebd80000,0x00000000ebe00000)
 ParOldGen       total 107008K, used 77586K [0x00000000c0000000, 0x00000000c6880000, 0x00000000eab00000)
  object space 107008K, 72% used [0x00000000c0000000,0x00000000c4bc48a0,0x00000000c6880000)
 Metaspace       used 69722K, committed 70912K, reserved 1114112K
  class space    used 7909K, committed 8448K, reserved 1048576K
}
Event: 454.929 GC heap before
{Heap before GC invocations=137 (full 9):
 PSYoungGen      total 1536K, used 1056K [0x00000000eab00000, 0x00000000ebe00000, 0x0000000100000000)
  eden space 512K, 100% used [0x00000000eab00000,0x00000000eab80000,0x00000000eab80000)
  from space 1024K, 53% used [0x00000000ebc80000,0x00000000ebd08000,0x00000000ebd80000)
  to   space 512K, 0% used [0x00000000ebd80000,0x00000000ebd80000,0x00000000ebe00000)
 ParOldGen       total 107008K, used 77586K [0x00000000c0000000, 0x00000000c6880000, 0x00000000eab00000)
  object space 107008K, 72% used [0x00000000c0000000,0x00000000c4bc48a0,0x00000000c6880000)
 Metaspace       used 69722K, committed 70912K, reserved 1114112K
  class space    used 7909K, committed 8448K, reserved 1048576K
}
Event: 454.931 GC heap after
{Heap after GC invocations=137 (full 9):
 PSYoungGen      total 1024K, used 512K [0x00000000eab00000, 0x00000000ebe00000, 0x0000000100000000)
  eden space 512K, 0% used [0x00000000eab00000,0x00000000eab00000,0x00000000eab80000)
  from space 512K, 100% used [0x00000000ebd80000,0x00000000ebe00000,0x00000000ebe00000)
  to   space 1536K, 0% used [0x00000000ebb00000,0x00000000ebb00000,0x00000000ebc80000)
 ParOldGen       total 107008K, used 78106K [0x00000000c0000000, 0x00000000c6880000, 0x00000000eab00000)
  object space 107008K, 72% used [0x00000000c0000000,0x00000000c4c468a0,0x00000000c6880000)
 Metaspace       used 69722K, committed 70912K, reserved 1114112K
  class space    used 7909K, committed 8448K, reserved 1048576K
}
Event: 454.944 GC heap before
{Heap before GC invocations=138 (full 9):
 PSYoungGen      total 1024K, used 1024K [0x00000000eab00000, 0x00000000ebe00000, 0x0000000100000000)
  eden space 512K, 100% used [0x00000000eab00000,0x00000000eab80000,0x00000000eab80000)
  from space 512K, 100% used [0x00000000ebd80000,0x00000000ebe00000,0x00000000ebe00000)
  to   space 1536K, 0% used [0x00000000ebb00000,0x00000000ebb00000,0x00000000ebc80000)
 ParOldGen       total 107008K, used 78106K [0x00000000c0000000, 0x00000000c6880000, 0x00000000eab00000)
  object space 107008K, 72% used [0x00000000c0000000,0x00000000c4c468a0,0x00000000c6880000)
 Metaspace       used 69722K, committed 70912K, reserved 1114112K
  class space    used 7909K, committed 8448K, reserved 1048576K
}
Event: 454.945 GC heap after
{Heap after GC invocations=138 (full 9):
 PSYoungGen      total 2048K, used 608K [0x00000000eab00000, 0x00000000ebe00000, 0x0000000100000000)
  eden space 512K, 0% used [0x00000000eab00000,0x00000000eab00000,0x00000000eab80000)
  from space 1536K, 39% used [0x00000000ebb00000,0x00000000ebb98000,0x00000000ebc80000)
  to   space 1024K, 0% used [0x00000000ebd00000,0x00000000ebd00000,0x00000000ebe00000)
 ParOldGen       total 107008K, used 78586K [0x00000000c0000000, 0x00000000c6880000, 0x00000000eab00000)
  object space 107008K, 73% used [0x00000000c0000000,0x00000000c4cbe8a0,0x00000000c6880000)
 Metaspace       used 69722K, committed 70912K, reserved 1114112K
  class space    used 7909K, committed 8448K, reserved 1048576K
}
Event: 454.953 GC heap before
{Heap before GC invocations=139 (full 9):
 PSYoungGen      total 2048K, used 1120K [0x00000000eab00000, 0x00000000ebe00000, 0x0000000100000000)
  eden space 512K, 100% used [0x00000000eab00000,0x00000000eab80000,0x00000000eab80000)
  from space 1536K, 39% used [0x00000000ebb00000,0x00000000ebb98000,0x00000000ebc80000)
  to   space 1024K, 0% used [0x00000000ebd00000,0x00000000ebd00000,0x00000000ebe00000)
 ParOldGen       total 107008K, used 78586K [0x00000000c0000000, 0x00000000c6880000, 0x00000000eab00000)
  object space 107008K, 73% used [0x00000000c0000000,0x00000000c4cbe8a0,0x00000000c6880000)
 Metaspace       used 69722K, committed 70912K, reserved 1114112K
  class space    used 7909K, committed 8448K, reserved 1048576K
}
Event: 454.954 GC heap after
{Heap after GC invocations=139 (full 9):
 PSYoungGen      total 1536K, used 576K [0x00000000eab00000, 0x00000000ebe00000, 0x0000000100000000)
  eden space 512K, 0% used [0x00000000eab00000,0x00000000eab00000,0x00000000eab80000)
  from space 1024K, 56% used [0x00000000ebd00000,0x00000000ebd90000,0x00000000ebe00000)
  to   space 1024K, 0% used [0x00000000ebc00000,0x00000000ebc00000,0x00000000ebd00000)
 ParOldGen       total 107008K, used 79090K [0x00000000c0000000, 0x00000000c6880000, 0x00000000eab00000)
  object space 107008K, 73% used [0x00000000c0000000,0x00000000c4d3c8a0,0x00000000c6880000)
 Metaspace       used 69722K, committed 70912K, reserved 1114112K
  class space    used 7909K, committed 8448K, reserved 1048576K
}
Event: 455.003 GC heap before
{Heap before GC invocations=140 (full 9):
 PSYoungGen      total 1536K, used 1061K [0x00000000eab00000, 0x00000000ebe00000, 0x0000000100000000)
  eden space 512K, 94% used [0x00000000eab00000,0x00000000eab79468,0x00000000eab80000)
  from space 1024K, 56% used [0x00000000ebd00000,0x00000000ebd90000,0x00000000ebe00000)
  to   space 1024K, 0% used [0x00000000ebc00000,0x00000000ebc00000,0x00000000ebd00000)
 ParOldGen       total 107008K, used 79090K [0x00000000c0000000, 0x00000000c6880000, 0x00000000eab00000)
  object space 107008K, 73% used [0x00000000c0000000,0x00000000c4d3c8a0,0x00000000c6880000)
 Metaspace       used 69722K, committed 70912K, reserved 1114112K
  class space    used 7909K, committed 8448K, reserved 1048576K
}
Event: 455.004 GC heap after
{Heap after GC invocations=140 (full 9):
 PSYoungGen      total 1536K, used 548K [0x00000000eab00000, 0x00000000ebd80000, 0x0000000100000000)
  eden space 512K, 0% used [0x00000000eab00000,0x00000000eab00000,0x00000000eab80000)
  from space 1024K, 53% used [0x00000000ebc00000,0x00000000ebc89100,0x00000000ebd00000)
  to   space 512K, 0% used [0x00000000ebd00000,0x00000000ebd00000,0x00000000ebd80000)
 ParOldGen       total 107008K, used 79618K [0x00000000c0000000, 0x00000000c6880000, 0x00000000eab00000)
  object space 107008K, 74% used [0x00000000c0000000,0x00000000c4dc08a0,0x00000000c6880000)
 Metaspace       used 69722K, committed 70912K, reserved 1114112K
  class space    used 7909K, committed 8448K, reserved 1048576K
}
Event: 455.055 GC heap before
{Heap before GC invocations=141 (full 9):
 PSYoungGen      total 1536K, used 955K [0x00000000eab00000, 0x00000000ebd80000, 0x0000000100000000)
  eden space 512K, 79% used [0x00000000eab00000,0x00000000eab65e10,0x00000000eab80000)
  from space 1024K, 53% used [0x00000000ebc00000,0x00000000ebc89100,0x00000000ebd00000)
  to   space 512K, 0% used [0x00000000ebd00000,0x00000000ebd00000,0x00000000ebd80000)
 ParOldGen       total 107008K, used 79618K [0x00000000c0000000, 0x00000000c6880000, 0x00000000eab00000)
  object space 107008K, 74% used [0x00000000c0000000,0x00000000c4dc08a0,0x00000000c6880000)
 Metaspace       used 69722K, committed 70912K, reserved 1114112K
  class space    used 7909K, committed 8448K, reserved 1048576K
}
Event: 455.057 GC heap after
{Heap after GC invocations=141 (full 9):
 PSYoungGen      total 1024K, used 497K [0x00000000eab00000, 0x00000000ebd80000, 0x0000000100000000)
  eden space 512K, 0% used [0x00000000eab00000,0x00000000eab00000,0x00000000eab80000)
  from space 512K, 97% used [0x00000000ebd00000,0x00000000ebd7c400,0x00000000ebd80000)
  to   space 1024K, 0% used [0x00000000ebb80000,0x00000000ebb80000,0x00000000ebc80000)
 ParOldGen       total 107008K, used 79954K [0x00000000c0000000, 0x00000000c6880000, 0x00000000eab00000)
  object space 107008K, 74% used [0x00000000c0000000,0x00000000c4e148a0,0x00000000c6880000)
 Metaspace       used 69722K, committed 70912K, reserved 1114112K
  class space    used 7909K, committed 8448K, reserved 1048576K
}
Event: 455.097 GC heap before
{Heap before GC invocations=142 (full 9):
 PSYoungGen      total 1024K, used 1009K [0x00000000eab00000, 0x00000000ebd80000, 0x0000000100000000)
  eden space 512K, 100% used [0x00000000eab00000,0x00000000eab80000,0x00000000eab80000)
  from space 512K, 97% used [0x00000000ebd00000,0x00000000ebd7c400,0x00000000ebd80000)
  to   space 1024K, 0% used [0x00000000ebb80000,0x00000000ebb80000,0x00000000ebc80000)
 ParOldGen       total 107008K, used 80500K [0x00000000c0000000, 0x00000000c6880000, 0x00000000eab00000)
  object space 107008K, 75% used [0x00000000c0000000,0x00000000c4e9d0a0,0x00000000c6880000)
 Metaspace       used 69722K, committed 70912K, reserved 1114112K
  class space    used 7909K, committed 8448K, reserved 1048576K
}
Event: 455.099 GC heap after
{Heap after GC invocations=142 (full 9):
 PSYoungGen      total 17920K, used 448K [0x00000000eab00000, 0x00000000ebd80000, 0x0000000100000000)
  eden space 16896K, 0% used [0x00000000eab00000,0x00000000eab00000,0x00000000ebb80000)
  from space 1024K, 43% used [0x00000000ebb80000,0x00000000ebbf0000,0x00000000ebc80000)
  to   space 512K, 0% used [0x00000000ebd00000,0x00000000ebd00000,0x00000000ebd80000)
 ParOldGen       total 107008K, used 80660K [0x00000000c0000000, 0x00000000c6880000, 0x00000000eab00000)
  object space 107008K, 75% used [0x00000000c0000000,0x00000000c4ec50a0,0x00000000c6880000)
 Metaspace       used 69722K, committed 70912K, reserved 1114112K
  class space    used 7909K, committed 8448K, reserved 1048576K
}

Dll operation events (14 events):
Event: 0.010 Loaded shared library c:\Users\daboussi\.vscode\extensions\redhat.java-1.18.0-win32-x64\jre\17.0.7-win32-x86_64\bin\java.dll
Event: 0.297 Loaded shared library c:\Users\daboussi\.vscode\extensions\redhat.java-1.18.0-win32-x64\jre\17.0.7-win32-x86_64\bin\zip.dll
Event: 0.302 Loaded shared library C:\Users\daboussi\.vscode\extensions\redhat.java-1.18.0-win32-x64\jre\17.0.7-win32-x86_64\bin\instrument.dll
Event: 0.318 Loaded shared library C:\Users\daboussi\.vscode\extensions\redhat.java-1.18.0-win32-x64\jre\17.0.7-win32-x86_64\bin\net.dll
Event: 0.320 Loaded shared library C:\Users\daboussi\.vscode\extensions\redhat.java-1.18.0-win32-x64\jre\17.0.7-win32-x86_64\bin\nio.dll
Event: 0.341 Loaded shared library C:\Users\daboussi\.vscode\extensions\redhat.java-1.18.0-win32-x64\jre\17.0.7-win32-x86_64\bin\zip.dll
Event: 0.371 Loaded shared library C:\Users\daboussi\.vscode\extensions\redhat.java-1.18.0-win32-x64\jre\17.0.7-win32-x86_64\bin\jimage.dll
Event: 0.510 Loaded shared library c:\Users\daboussi\.vscode\extensions\redhat.java-1.18.0-win32-x64\jre\17.0.7-win32-x86_64\bin\verify.dll
Event: 1.839 Loaded shared library C:\Users\daboussi\AppData\Roaming\Code\User\globalStorage\redhat.java\1.18.0\config_win\org.eclipse.equinox.launcher\org.eclipse.equinox.launcher.win32.win32.x86_64_1.2.700.v20221108-1024\eclipse_11801.dll
Event: 4.499 Loaded shared library C:\Users\daboussi\AppData\Local\Temp\jna-1287652862\jna2875439507536173853.dll
Event: 12.450 Loaded shared library C:\Users\daboussi\.gradle\native\e1d6ef7f7dcc3fd88c89a11ec53ec762bb8ba0a96d01ffa2cd45eb1d1d8dd5c5\windows-amd64\native-platform.dll
Event: 13.004 Loaded shared library C:\Users\daboussi\.vscode\extensions\redhat.java-1.18.0-win32-x64\jre\17.0.7-win32-x86_64\bin\management.dll
Event: 13.005 Loaded shared library C:\Users\daboussi\.vscode\extensions\redhat.java-1.18.0-win32-x64\jre\17.0.7-win32-x86_64\bin\management_ext.dll
Event: 13.459 Loaded shared library C:\Users\daboussi\.vscode\extensions\redhat.java-1.18.0-win32-x64\jre\17.0.7-win32-x86_64\bin\sunmscapi.dll

Deoptimization events (20 events):
Event: 496.052 Thread 0x000001d0c2bdcdd0 Uncommon trap: trap_request=0xffffffde fr.pc=0x000001d0b1d539e8 relative=0x0000000000000628
Event: 496.052 Thread 0x000001d0c2bdcdd0 Uncommon trap: reason=class_check action=maybe_recompile pc=0x000001d0b1d539e8 method=org.eclipse.jdt.internal.compiler.util.SimpleLookupTable.containsKey(Ljava/lang/Object;)Z @ 7 c2
Event: 496.052 Thread 0x000001d0c2bdcdd0 DEOPT PACKING pc=0x000001d0b1d539e8 sp=0x0000009b05ffe090
Event: 496.052 Thread 0x000001d0c2bdcdd0 DEOPT UNPACKING pc=0x000001d0b11f66a3 sp=0x0000009b05ffe038 mode 2
Event: 496.060 Thread 0x000001d0c2bdcdd0 Uncommon trap: trap_request=0xffffffbe fr.pc=0x000001d0b1dbbb44 relative=0x0000000000000504
Event: 496.060 Thread 0x000001d0c2bdcdd0 Uncommon trap: reason=profile_predicate action=maybe_recompile pc=0x000001d0b1dbbb44 method=org.eclipse.jdt.internal.compiler.util.SimpleLookupTable.containsKey(Ljava/lang/Object;)Z @ 49 c2
Event: 496.060 Thread 0x000001d0c2bdcdd0 DEOPT PACKING pc=0x000001d0b1dbbb44 sp=0x0000009b05ffe090
Event: 496.060 Thread 0x000001d0c2bdcdd0 DEOPT UNPACKING pc=0x000001d0b11f66a3 sp=0x0000009b05ffe038 mode 2
Event: 496.060 Thread 0x000001d0c2bdcdd0 Uncommon trap: trap_request=0xffffffbe fr.pc=0x000001d0b1dbbb44 relative=0x0000000000000504
Event: 496.060 Thread 0x000001d0c2bdcdd0 Uncommon trap: reason=profile_predicate action=maybe_recompile pc=0x000001d0b1dbbb44 method=org.eclipse.jdt.internal.compiler.util.SimpleLookupTable.containsKey(Ljava/lang/Object;)Z @ 49 c2
Event: 496.060 Thread 0x000001d0c2bdcdd0 DEOPT PACKING pc=0x000001d0b1dbbb44 sp=0x0000009b05ffe090
Event: 496.060 Thread 0x000001d0c2bdcdd0 DEOPT UNPACKING pc=0x000001d0b11f66a3 sp=0x0000009b05ffe038 mode 2
Event: 496.060 Thread 0x000001d0c2bdcdd0 Uncommon trap: trap_request=0xffffffbe fr.pc=0x000001d0b1dbbb44 relative=0x0000000000000504
Event: 496.060 Thread 0x000001d0c2bdcdd0 Uncommon trap: reason=profile_predicate action=maybe_recompile pc=0x000001d0b1dbbb44 method=org.eclipse.jdt.internal.compiler.util.SimpleLookupTable.containsKey(Ljava/lang/Object;)Z @ 49 c2
Event: 496.060 Thread 0x000001d0c2bdcdd0 DEOPT PACKING pc=0x000001d0b1dbbb44 sp=0x0000009b05ffe090
Event: 496.060 Thread 0x000001d0c2bdcdd0 DEOPT UNPACKING pc=0x000001d0b11f66a3 sp=0x0000009b05ffe038 mode 2
Event: 496.060 Thread 0x000001d0c2bdcdd0 Uncommon trap: trap_request=0xffffffbe fr.pc=0x000001d0b1dbbb44 relative=0x0000000000000504
Event: 496.060 Thread 0x000001d0c2bdcdd0 Uncommon trap: reason=profile_predicate action=maybe_recompile pc=0x000001d0b1dbbb44 method=org.eclipse.jdt.internal.compiler.util.SimpleLookupTable.containsKey(Ljava/lang/Object;)Z @ 49 c2
Event: 496.060 Thread 0x000001d0c2bdcdd0 DEOPT PACKING pc=0x000001d0b1dbbb44 sp=0x0000009b05ffe090
Event: 496.061 Thread 0x000001d0c2bdcdd0 DEOPT UNPACKING pc=0x000001d0b11f66a3 sp=0x0000009b05ffe038 mode 2

Classes unloaded (7 events):
Event: 2.820 Thread 0x000001d0c0120c20 Unloading class 0x0000000100216400 'java/lang/invoke/LambdaForm$MH+0x0000000100216400'
Event: 2.820 Thread 0x000001d0c0120c20 Unloading class 0x0000000100216000 'java/lang/invoke/LambdaForm$MH+0x0000000100216000'
Event: 2.820 Thread 0x000001d0c0120c20 Unloading class 0x0000000100215c00 'java/lang/invoke/LambdaForm$MH+0x0000000100215c00'
Event: 2.820 Thread 0x000001d0c0120c20 Unloading class 0x0000000100215800 'java/lang/invoke/LambdaForm$MH+0x0000000100215800'
Event: 2.820 Thread 0x000001d0c0120c20 Unloading class 0x0000000100215000 'java/lang/invoke/LambdaForm$BMH+0x0000000100215000'
Event: 2.820 Thread 0x000001d0c0120c20 Unloading class 0x0000000100214c00 'java/lang/invoke/LambdaForm$DMH+0x0000000100214c00'
Event: 2.820 Thread 0x000001d0c0120c20 Unloading class 0x0000000100212000 'java/lang/invoke/LambdaForm$DMH+0x0000000100212000'

Classes redefined (0 events):
No events

Internal exceptions (20 events):
Event: 427.526 Thread 0x000001d0c23fbcc0 Exception <a 'java/lang/NullPointerException'{0x00000000eb08e978}> (0x00000000eb08e978) 
thrown [s\src\hotspot\share\interpreter\linkResolver.cpp, line 1350]
Event: 427.526 Thread 0x000001d0c23fbcc0 Exception <a 'java/lang/NullPointerException'{0x00000000eb08f560}> (0x00000000eb08f560) 
thrown [s\src\hotspot\share\interpreter\linkResolver.cpp, line 1350]
Event: 427.698 Thread 0x000001d0c23fb7f0 Exception <a 'java/lang/NullPointerException'{0x00000000eafe48e8}> (0x00000000eafe48e8) 
thrown [s\src\hotspot\share\interpreter\linkResolver.cpp, line 1350]
Event: 427.699 Thread 0x000001d0c23fb7f0 Exception <a 'java/lang/NullPointerException'{0x00000000eafe4dc8}> (0x00000000eafe4dc8) 
thrown [s\src\hotspot\share\interpreter\linkResolver.cpp, line 1350]
Event: 427.699 Thread 0x000001d0c23fb7f0 Exception <a 'java/lang/NullPointerException'{0x00000000eafe51f8}> (0x00000000eafe51f8) 
thrown [s\src\hotspot\share\interpreter\linkResolver.cpp, line 1350]
Event: 427.699 Thread 0x000001d0c23fb7f0 Exception <a 'java/lang/NullPointerException'{0x00000000eafe5630}> (0x00000000eafe5630) 
thrown [s\src\hotspot\share\interpreter\linkResolver.cpp, line 1350]
Event: 427.776 Thread 0x000001d0c23fb7f0 Exception <a 'java/lang/NullPointerException'{0x00000000eb504d08}> (0x00000000eb504d08) 
thrown [s\src\hotspot\share\interpreter\linkResolver.cpp, line 1350]
Event: 427.776 Thread 0x000001d0c23fb7f0 Exception <a 'java/lang/NullPointerException'{0x00000000eb5051f8}> (0x00000000eb5051f8) 
thrown [s\src\hotspot\share\interpreter\linkResolver.cpp, line 1350]
Event: 427.776 Thread 0x000001d0c23fb7f0 Exception <a 'java/lang/NullPointerException'{0x00000000eb505628}> (0x00000000eb505628) 
thrown [s\src\hotspot\share\interpreter\linkResolver.cpp, line 1350]
Event: 450.469 Thread 0x000001d0c23fbcc0 Exception <a 'java/lang/NullPointerException'{0x00000000eaf3e198}> (0x00000000eaf3e198) 
thrown [s\src\hotspot\share\interpreter\linkResolver.cpp, line 1350]
Event: 450.470 Thread 0x000001d0c23fbcc0 Exception <a 'java/lang/NullPointerException'{0x00000000eaf3ed20}> (0x00000000eaf3ed20) 
thrown [s\src\hotspot\share\interpreter\linkResolver.cpp, line 1350]
Event: 450.470 Thread 0x000001d0c23fbcc0 Exception <a 'java/lang/NullPointerException'{0x00000000eaf3f878}> (0x00000000eaf3f878) 
thrown [s\src\hotspot\share\interpreter\linkResolver.cpp, line 1350]
Event: 450.549 Thread 0x000001d0c23fb7f0 Exception <a 'sun/nio/fs/WindowsException'{0x00000000eac4e400}> (0x00000000eac4e400) 
thrown [s\src\hotspot\share\prims\jni.cpp, line 516]
Event: 459.623 Thread 0x000001d0c23fb7f0 Exception <a 'sun/nio/fs/WindowsException'{0x00000000eaff28c8}> (0x00000000eaff28c8) 
thrown [s\src\hotspot\share\prims\jni.cpp, line 516]
Event: 460.461 Thread 0x000001d0c23fb7f0 Exception <a 'java/lang/NullPointerException'{0x00000000eaffaa48}> (0x00000000eaffaa48) 
thrown [s\src\hotspot\share\interpreter\linkResolver.cpp, line 1350]
Event: 460.476 Thread 0x000001d0c23fb7f0 Exception <a 'java/lang/NullPointerException'{0x00000000eaffaf28}> (0x00000000eaffaf28) 
thrown [s\src\hotspot\share\interpreter\linkResolver.cpp, line 1350]
Event: 460.482 Thread 0x000001d0c23fb7f0 Exception <a 'java/lang/NullPointerException'{0x00000000eaffb358}> (0x00000000eaffb358) 
thrown [s\src\hotspot\share\interpreter\linkResolver.cpp, line 1350]
Event: 495.874 Thread 0x000001d0c23fbcc0 Exception <a 'java/io/IOException'{0x00000000eb01faa0}> (0x00000000eb01faa0) 
thrown [s\src\hotspot\share\prims\jni.cpp, line 516]
Event: 495.874 Thread 0x000001d0c23fbcc0 Exception <a 'java/io/IOException'{0x00000000eb01fe08}> (0x00000000eb01fe08) 
thrown [s\src\hotspot\share\prims\jni.cpp, line 516]
Event: 495.875 Thread 0x000001d0c23fbcc0 Exception <a 'java/io/IOException'{0x00000000eb020170}> (0x00000000eb020170) 
thrown [s\src\hotspot\share\prims\jni.cpp, line 516]

VM Operations (20 events):
Event: 454.878 Executing VM operation: ParallelGCFailedAllocation
Event: 454.881 Executing VM operation: ParallelGCFailedAllocation done
Event: 454.887 Executing VM operation: ParallelGCFailedAllocation
Event: 454.889 Executing VM operation: ParallelGCFailedAllocation done
Event: 454.891 Executing VM operation: ParallelGCFailedAllocation
Event: 454.892 Executing VM operation: ParallelGCFailedAllocation done
Event: 454.895 Executing VM operation: ParallelGCFailedAllocation
Event: 454.897 Executing VM operation: ParallelGCFailedAllocation done
Event: 454.929 Executing VM operation: ParallelGCFailedAllocation
Event: 454.931 Executing VM operation: ParallelGCFailedAllocation done
Event: 454.944 Executing VM operation: ParallelGCFailedAllocation
Event: 454.945 Executing VM operation: ParallelGCFailedAllocation done
Event: 454.953 Executing VM operation: ParallelGCFailedAllocation
Event: 454.954 Executing VM operation: ParallelGCFailedAllocation done
Event: 455.003 Executing VM operation: ParallelGCFailedAllocation
Event: 455.004 Executing VM operation: ParallelGCFailedAllocation done
Event: 455.055 Executing VM operation: ParallelGCFailedAllocation
Event: 455.057 Executing VM operation: ParallelGCFailedAllocation done
Event: 455.097 Executing VM operation: ParallelGCFailedAllocation
Event: 455.099 Executing VM operation: ParallelGCFailedAllocation done

Events (20 events):
Event: 425.169 Thread 0x000001d0c23fa4b0 Thread exited: 0x000001d0c23fa4b0
Event: 425.361 Thread 0x000001d0c1f75ec0 Thread added: 0x000001d0c1f75ec0
Event: 425.393 Thread 0x000001d0c2bddc40 Thread added: 0x000001d0c2bddc40
Event: 425.399 Thread 0x000001d0c2bddc40 Thread exited: 0x000001d0c2bddc40
Event: 426.146 Thread 0x000001d0c1f75ec0 Thread exited: 0x000001d0c1f75ec0
Event: 427.530 Thread 0x000001d0c2bddc40 Thread added: 0x000001d0c2bddc40
Event: 427.534 Thread 0x000001d0c2bddc40 Thread exited: 0x000001d0c2bddc40
Event: 450.478 Thread 0x000001d0c2bdef80 Thread added: 0x000001d0c2bdef80
Event: 450.508 Thread 0x000001d0c2bdef80 Thread exited: 0x000001d0c2bdef80
Event: 495.871 Thread 0x000001d0c2bdc430 Thread added: 0x000001d0c2bdc430
Event: 495.959 Thread 0x000001d0c1f74f90 Thread added: 0x000001d0c1f74f90
Event: 496.000 Thread 0x000001d0c2bdcdd0 Thread added: 0x000001d0c2bdcdd0
Event: 496.001 Thread 0x000001d0c2bdd2a0 Thread added: 0x000001d0c2bdd2a0
Event: 496.003 loading class java/util/zip/Deflater
Event: 496.006 loading class java/util/zip/Deflater done
Event: 496.008 loading class java/util/zip/Deflater$DeflaterZStreamRef
Event: 496.009 loading class java/util/zip/Deflater$DeflaterZStreamRef done
Event: 496.032 Thread 0x000001d0c2bdeab0 Thread added: 0x000001d0c2bdeab0
Event: 496.040 Thread 0x000001d0c2bdef80 Thread added: 0x000001d0c2bdef80
Event: 496.040 Thread 0x000001d0c2be1fa0 Thread added: 0x000001d0c2be1fa0


Dynamic libraries:
0x00007ff772520000 - 0x00007ff77252e000 	c:\Users\daboussi\.vscode\extensions\redhat.java-1.18.0-win32-x64\jre\17.0.7-win32-x86_64\bin\java.exe
0x00007ffb303d0000 - 0x00007ffb305c8000 	C:\WINDOWS\SYSTEM32\ntdll.dll
0x00007ffb2fa40000 - 0x00007ffb2faff000 	C:\WINDOWS\System32\KERNEL32.DLL
0x00007ffb2dc10000 - 0x00007ffb2deea000 	C:\WINDOWS\System32\KERNELBASE.dll
0x00007ffb2b310000 - 0x00007ffb2b3a0000 	C:\WINDOWS\SYSTEM32\apphelp.dll
0x00007ffb2e100000 - 0x00007ffb2e200000 	C:\WINDOWS\System32\ucrtbase.dll
0x00007ffb15210000 - 0x00007ffb15227000 	c:\Users\daboussi\.vscode\extensions\redhat.java-1.18.0-win32-x64\jre\17.0.7-win32-x86_64\bin\jli.dll
0x00007ffb2e540000 - 0x00007ffb2e6dd000 	C:\WINDOWS\System32\USER32.dll
0x00007ffb14b50000 - 0x00007ffb14b69000 	c:\Users\daboussi\.vscode\extensions\redhat.java-1.18.0-win32-x64\jre\17.0.7-win32-x86_64\bin\VCRUNTIME140.dll
0x00007ffb2e200000 - 0x00007ffb2e222000 	C:\WINDOWS\System32\win32u.dll
0x00007ffb2eee0000 - 0x00007ffb2ef0b000 	C:\WINDOWS\System32\GDI32.dll
0x00007ffb2def0000 - 0x00007ffb2e000000 	C:\WINDOWS\System32\gdi32full.dll
0x00007ffb17a70000 - 0x00007ffb17d0a000 	C:\WINDOWS\WinSxS\amd64_microsoft.windows.common-controls_6595b64144ccf1df_6.0.19041.1110_none_60b5254171f9507e\COMCTL32.dll
0x00007ffb2dae0000 - 0x00007ffb2db7d000 	C:\WINDOWS\System32\msvcp_win.dll
0x00007ffb2e4a0000 - 0x00007ffb2e53e000 	C:\WINDOWS\System32\msvcrt.dll
0x00007ffb2f2c0000 - 0x00007ffb2f2f0000 	C:\WINDOWS\System32\IMM32.DLL
0x00007ffb252e0000 - 0x00007ffb252ec000 	c:\Users\daboussi\.vscode\extensions\redhat.java-1.18.0-win32-x64\jre\17.0.7-win32-x86_64\bin\vcruntime140_1.dll
0x00007ffafe9e0000 - 0x00007ffafea71000 	c:\Users\daboussi\.vscode\extensions\redhat.java-1.18.0-win32-x64\jre\17.0.7-win32-x86_64\bin\msvcp140.dll
0x00007ffac7850000 - 0x00007ffac8498000 	c:\Users\daboussi\.vscode\extensions\redhat.java-1.18.0-win32-x64\jre\17.0.7-win32-x86_64\bin\server\jvm.dll
0x00007ffb2f060000 - 0x00007ffb2f10e000 	C:\WINDOWS\System32\ADVAPI32.dll
0x00007ffb2f1a0000 - 0x00007ffb2f23c000 	C:\WINDOWS\System32\sechost.dll
0x00007ffb2ffa0000 - 0x00007ffb300c6000 	C:\WINDOWS\System32\RPCRT4.dll
0x00007ffb25370000 - 0x00007ffb25379000 	C:\WINDOWS\SYSTEM32\WSOCK32.dll
0x00007ffb30210000 - 0x00007ffb3027b000 	C:\WINDOWS\System32\WS2_32.dll
0x00007ffb26480000 - 0x00007ffb264a7000 	C:\WINDOWS\SYSTEM32\WINMM.dll
0x00007ffb267d0000 - 0x00007ffb267da000 	C:\WINDOWS\SYSTEM32\VERSION.dll
0x00007ffb2b9c0000 - 0x00007ffb2b9d2000 	C:\WINDOWS\SYSTEM32\kernel.appcore.dll
0x00007ffb24af0000 - 0x00007ffb24afa000 	c:\Users\daboussi\.vscode\extensions\redhat.java-1.18.0-win32-x64\jre\17.0.7-win32-x86_64\bin\jimage.dll
0x00007ffb23c70000 - 0x00007ffb23e54000 	C:\WINDOWS\SYSTEM32\DBGHELP.DLL
0x00007ffb11f20000 - 0x00007ffb11f54000 	C:\WINDOWS\SYSTEM32\dbgcore.DLL
0x00007ffb2db80000 - 0x00007ffb2dc02000 	C:\WINDOWS\System32\bcryptPrimitives.dll
0x00007ffb22f80000 - 0x00007ffb22f8e000 	c:\Users\daboussi\.vscode\extensions\redhat.java-1.18.0-win32-x64\jre\17.0.7-win32-x86_64\bin\instrument.dll
0x00007ffb0ec70000 - 0x00007ffb0ec95000 	c:\Users\daboussi\.vscode\extensions\redhat.java-1.18.0-win32-x64\jre\17.0.7-win32-x86_64\bin\java.dll
0x00007ffb14a00000 - 0x00007ffb14a18000 	c:\Users\daboussi\.vscode\extensions\redhat.java-1.18.0-win32-x64\jre\17.0.7-win32-x86_64\bin\zip.dll
0x00007ffb2f2f0000 - 0x00007ffb2fa34000 	C:\WINDOWS\System32\SHELL32.dll
0x00007ffb2bbc0000 - 0x00007ffb2c353000 	C:\WINDOWS\SYSTEM32\windows.storage.dll
0x00007ffb2fb00000 - 0x00007ffb2fe54000 	C:\WINDOWS\System32\combase.dll
0x00007ffb2d540000 - 0x00007ffb2d56e000 	C:\WINDOWS\SYSTEM32\Wldp.dll
0x00007ffb2e9c0000 - 0x00007ffb2ea6d000 	C:\WINDOWS\System32\SHCORE.dll
0x00007ffb2fe60000 - 0x00007ffb2feb5000 	C:\WINDOWS\System32\shlwapi.dll
0x00007ffb2da20000 - 0x00007ffb2da3f000 	C:\WINDOWS\SYSTEM32\profapi.dll
0x00007ffb0fbe0000 - 0x00007ffb0fbf9000 	C:\Users\daboussi\.vscode\extensions\redhat.java-1.18.0-win32-x64\jre\17.0.7-win32-x86_64\bin\net.dll
0x00007ffb27860000 - 0x00007ffb2796a000 	C:\WINDOWS\SYSTEM32\WINHTTP.dll
0x00007ffb2d2a0000 - 0x00007ffb2d30a000 	C:\WINDOWS\system32\mswsock.dll
0x00007ffb0ba40000 - 0x00007ffb0ba55000 	C:\Users\daboussi\.vscode\extensions\redhat.java-1.18.0-win32-x64\jre\17.0.7-win32-x86_64\bin\nio.dll
0x00007ffb19390000 - 0x00007ffb193a0000 	c:\Users\daboussi\.vscode\extensions\redhat.java-1.18.0-win32-x64\jre\17.0.7-win32-x86_64\bin\verify.dll
0x00007ffb051e0000 - 0x00007ffb0521e000 	C:\Users\daboussi\AppData\Roaming\Code\User\globalStorage\redhat.java\1.18.0\config_win\org.eclipse.equinox.launcher\org.eclipse.equinox.launcher.win32.win32.x86_64_1.2.700.v20221108-1024\eclipse_11801.dll
0x00007ffb2e890000 - 0x00007ffb2e9ba000 	C:\WINDOWS\System32\ole32.dll
0x00007ffb2d4a0000 - 0x00007ffb2d4b8000 	C:\WINDOWS\SYSTEM32\CRYPTSP.dll
0x00007ffb2cae0000 - 0x00007ffb2cb14000 	C:\WINDOWS\system32\rsaenh.dll
0x00007ffb2e400000 - 0x00007ffb2e427000 	C:\WINDOWS\System32\bcrypt.dll
0x00007ffb2d9e0000 - 0x00007ffb2da0e000 	C:\WINDOWS\SYSTEM32\USERENV.dll
0x00007ffb2d490000 - 0x00007ffb2d49c000 	C:\WINDOWS\SYSTEM32\CRYPTBASE.dll
0x00007ffb2cf20000 - 0x00007ffb2cf5c000 	C:\WINDOWS\SYSTEM32\IPHLPAPI.DLL
0x00007ffb2f050000 - 0x00007ffb2f058000 	C:\WINDOWS\System32\NSI.dll
0x00007ffb27e90000 - 0x00007ffb27ea7000 	C:\WINDOWS\SYSTEM32\dhcpcsvc6.DLL
0x00007ffb27f40000 - 0x00007ffb27f5d000 	C:\WINDOWS\SYSTEM32\dhcpcsvc.DLL
0x00007ffb2cf60000 - 0x00007ffb2d02b000 	C:\WINDOWS\SYSTEM32\DNSAPI.dll
0x00007ffb02790000 - 0x00007ffb027d5000 	C:\Users\daboussi\AppData\Local\Temp\jna-1287652862\jna2875439507536173853.dll
0x00007ffb2ff90000 - 0x00007ffb2ff98000 	C:\WINDOWS\System32\PSAPI.DLL
0x00007ffb09670000 - 0x00007ffb09697000 	C:\Users\daboussi\.gradle\native\e1d6ef7f7dcc3fd88c89a11ec53ec762bb8ba0a96d01ffa2cd45eb1d1d8dd5c5\windows-amd64\native-platform.dll
0x00007ffb14960000 - 0x00007ffb14969000 	C:\Users\daboussi\.vscode\extensions\redhat.java-1.18.0-win32-x64\jre\17.0.7-win32-x86_64\bin\management.dll
0x00007ffb14820000 - 0x00007ffb1482b000 	C:\Users\daboussi\.vscode\extensions\redhat.java-1.18.0-win32-x64\jre\17.0.7-win32-x86_64\bin\management_ext.dll
0x00007ffb122d0000 - 0x00007ffb122de000 	C:\Users\daboussi\.vscode\extensions\redhat.java-1.18.0-win32-x64\jre\17.0.7-win32-x86_64\bin\sunmscapi.dll
0x00007ffb2e230000 - 0x00007ffb2e386000 	C:\WINDOWS\System32\CRYPT32.dll
0x00007ffb2d5b0000 - 0x00007ffb2d5d8000 	C:\WINDOWS\SYSTEM32\ncrypt.dll
0x00007ffb2d570000 - 0x00007ffb2d5ab000 	C:\WINDOWS\SYSTEM32\NTASN1.dll
0x00007ffb14e30000 - 0x00007ffb14e37000 	C:\WINDOWS\system32\wshunix.dll

dbghelp: loaded successfully - version: 4.0.5 - missing functions: none
symbol engine: initialized successfully - sym options: 0x614 - pdb path: .;c:\Users\daboussi\.vscode\extensions\redhat.java-1.18.0-win32-x64\jre\17.0.7-win32-x86_64\bin;C:\WINDOWS\SYSTEM32;C:\WINDOWS\WinSxS\amd64_microsoft.windows.common-controls_6595b64144ccf1df_6.0.19041.1110_none_60b5254171f9507e;c:\Users\daboussi\.vscode\extensions\redhat.java-1.18.0-win32-x64\jre\17.0.7-win32-x86_64\bin\server;C:\Users\daboussi\AppData\Roaming\Code\User\globalStorage\redhat.java\1.18.0\config_win\org.eclipse.equinox.launcher\org.eclipse.equinox.launcher.win32.win32.x86_64_1.2.700.v20221108-1024;C:\Users\daboussi\AppData\Local\Temp\jna-1287652862;C:\Users\daboussi\.gradle\native\e1d6ef7f7dcc3fd88c89a11ec53ec762bb8ba0a96d01ffa2cd45eb1d1d8dd5c5\windows-amd64

VM Arguments:
jvm_args: --add-modules=ALL-SYSTEM --add-opens=java.base/java.util=ALL-UNNAMED --add-opens=java.base/java.lang=ALL-UNNAMED --add-opens=java.base/sun.nio.fs=ALL-UNNAMED -Declipse.application=org.eclipse.jdt.ls.core.id1 -Dosgi.bundles.defaultStartLevel=4 -Declipse.product=org.eclipse.jdt.ls.core.product -Djava.import.generatesMetadataFilesAtProjectRoot=false -Dfile.encoding=utf8 -XX:+UseParallelGC -XX:GCTimeRatio=4 -XX:AdaptiveSizePolicyWeight=90 -Dsun.zip.disableMemoryMapping=true -Xmx1G -Xms100m -Xlog:disable -javaagent:c:\Users\daboussi\.vscode\extensions\redhat.java-1.18.0-win32-x64\lombok\lombok-1.18.27.jar -XX:+HeapDumpOnOutOfMemoryError -XX:HeapDumpPath=c:\Users\daboussi\AppData\Roaming\Code\User\workspaceStorage\63e7b8365c2273432d6fb38a8ecd03d6\redhat.java -Daether.dependencyCollector.impl=bf 
java_command: c:\Users\daboussi\.vscode\extensions\redhat.java-1.18.0-win32-x64\server\plugins\org.eclipse.equinox.launcher_1.6.400.v20210924-0641.jar -configuration c:\Users\daboussi\AppData\Roaming\Code\User\globalStorage\redhat.java\1.18.0\config_win -data c:\Users\daboussi\AppData\Roaming\Code\User\workspaceStorage\63e7b8365c2273432d6fb38a8ecd03d6\redhat.java\jdt_ws
java_class_path (initial): c:\Users\daboussi\.vscode\extensions\redhat.java-1.18.0-win32-x64\server\plugins\org.eclipse.equinox.launcher_1.6.400.v20210924-0641.jar
Launcher Type: SUN_STANDARD

[Global flags]
    uintx AdaptiveSizePolicyWeight                 = 90                                        {product} {command line}
     intx CICompilerCount                          = 4                                         {product} {ergonomic}
    uintx GCTimeRatio                              = 4                                         {product} {command line}
     bool HeapDumpOnOutOfMemoryError               = true                                   {manageable} {command line}
    ccstr HeapDumpPath                             = c:\Users\daboussi\AppData\Roaming\Code\User\workspaceStorage\63e7b8365c2273432d6fb38a8ecd03d6\redhat.java         {manageable} {command line}
   size_t InitialHeapSize                          = 104857600                                 {product} {command line}
   size_t MaxHeapSize                              = 1073741824                                {product} {command line}
   size_t MaxNewSize                               = 357564416                                 {product} {ergonomic}
   size_t MinHeapDeltaBytes                        = 524288                                    {product} {ergonomic}
   size_t MinHeapSize                              = 104857600                                 {product} {command line}
   size_t NewSize                                  = 34603008                                  {product} {ergonomic}
    uintx NonNMethodCodeHeapSize                   = 5839372                                {pd product} {ergonomic}
    uintx NonProfiledCodeHeapSize                  = 122909434                              {pd product} {ergonomic}
   size_t OldSize                                  = 70254592                                  {product} {ergonomic}
    uintx ProfiledCodeHeapSize                     = 122909434                              {pd product} {ergonomic}
    uintx ReservedCodeCacheSize                    = 251658240                              {pd product} {ergonomic}
     bool SegmentedCodeCache                       = true                                      {product} {ergonomic}
   size_t SoftMaxHeapSize                          = 1073741824                             {manageable} {ergonomic}
     bool UseCompressedClassPointers               = true                           {product lp64_product} {ergonomic}
     bool UseCompressedOops                        = true                           {product lp64_product} {ergonomic}
     bool UseLargePagesIndividualAllocation        = false                                  {pd product} {ergonomic}
     bool UseParallelGC                            = true                                      {product} {command line}

Logging:
Log output configuration:
 #0: stdout all=off uptime,level,tags
 #1: stderr all=off uptime,level,tags

Environment Variables:
JAVA_HOME=C:\Java\jdk-16.0.1
PATH=C:\Users\daboussi\AppData\Local\Programs\Python\Python311\Scripts\;C:\Users\daboussi\AppData\Local\Programs\Python\Python311\;C:\Program Files\Microsoft\jdk-11.0.12.7-hotspot\bin;C:\Program Files (x86)\Common Files\Intel\Shared Libraries\redist\intel64\compiler;C:\Program Files (x86)\Common Files\Oracle\Java\javapath;C:\Windows\system32;C:\Windows;C:\Windows\System32\Wbem;C:\Windows\System32\WindowsPowerShell\v1.0\;C:\Program Files (x86)\NVIDIA Corporation\PhysX\Common;C:\Program Files (x86)\GtkSharp\2.12\bin;C:\WINDOWS\system32;C:\WINDOWS;C:\WINDOWS\System32\Wbem;C:\WINDOWS\System32\WindowsPowerShell\v1.0\;C:\WINDOWS\System32\OpenSSH\;C:\Program Files\NVIDIA Corporation\NVIDIA NvDLISR;C:\Program Files\Microsoft SQL Server\120\Tools\Binn\;C:\Program Files\Common Files\Autodesk Shared\;C:\WINDOWS\system32;C:\WINDOWS;C:\WINDOWS\System32\Wbem;C:\WINDOWS\System32\WindowsPowerShell\v1.0\;C:\WINDOWS\System32\OpenSSH\;C:\Program Files\Git\cmd;C:\xampp\php;C:\composer;C:\Program Files\Android\Android Studio\jre\bin;C:\Gradle\gradle-7.4\bin;C:\Program Files (x86)\QuickTime\QTSystem\;C:\Java\jdk-16.0.1;C:\Users\daboussi\AppData\Local\Android\Sdk;C:\Users\daboussi\android_sdk\cmdline-tools\latest\bin;C:\Program Files\dotnet\;C:\Program Files\nodejs\;C:\ProgramData\chocolatey\bin;C:\Users\daboussi\AppData\Local\Programs\Python\Python37\Scripts\;C:\Users\daboussi\AppData\Local\Programs\Python\Python37\;C:\Users\daboussi\AppData\Local\Programs\Python\Python311\Scripts\;C:\Users\daboussi\AppData\Local\Programs\Python\Python311\;C:\Program Files (x86)\Microsoft VS Code\bin;C:\Users\daboussi\AppData\Local\Microsoft\WindowsApps;C:\Users\daboussi\AppData\Local\Microsoft\WindowsApps;C:\Users\daboussi\AppData\Local\Programs\Microsoft VS Code\bin;C:\flutter\bin;C:\xampp\php;C:\Users\daboussi\AppData\Roaming\Composer\vendor\bin;C:\Program Files\JetBrains\PhpStorm 2021.3.2\bin;C:\flutter\bin;C:\Users\daboussi\AppData\Local\Android\android-sdk\tools;C:\Users\daboussi\PycharmProjects\pytho
USERNAME=daboussi
OS=Windows_NT
PROCESSOR_IDENTIFIER=Intel64 Family 6 Model 94 Stepping 3, GenuineIntel
TMP=C:\Users\daboussi\AppData\Local\Temp
TEMP=C:\Users\daboussi\AppData\Local\Temp



---------------  S Y S T E M  ---------------

OS:
 Windows 10 , 64 bit Build 19041 (10.0.19041.2788)
OS uptime: 2 days 1:10 hours

CPU: total 8 (initial active 8) (4 cores per cpu, 2 threads per core) family 6 model 94 stepping 3 microcode 0xcc, cx8, cmov, fxsr, ht, mmx, 3dnowpref, sse, sse2, sse3, ssse3, sse4.1, sse4.2, popcnt, lzcnt, tsc, tscinvbit, avx, avx2, aes, erms, clmul, bmi1, bmi2, rtm, adx, fma, vzeroupper, clflush, clflushopt

Memory: 4k page, system-wide physical 8062M (485M free)
TotalPageFile size 16305M (AvailPageFile size 68M)
current process WorkingSet (physical memory assigned to process): 258M, peak: 311M
current process commit charge ("private bytes"): 352M, peak: 386M

vm_info: OpenJDK 64-Bit Server VM (17.0.7+7) for windows-amd64 JRE (17.0.7+7), built on Apr 18 2023 22:10:42 by "temurin" with MS VC++ 16.7 (VS2019)

END.
